<?xml version="1.0" encoding="UTF-8"?>
<!-- Generated by org.testng.reporters.JUnitReportReporter -->
<testsuite hostname="CTAADPG02X3FK" failures="0" tests="1" name="Apps.MyWebAppTest" time="7.010" errors="0" timestamp="26 Jun 2023 13:32:36 GMT" skipped="0">
  <testcase classname="Apps.MyWebAppTest" name="verifyTitle" time="7.010"/>
</testsuite> <!-- Apps.MyWebAppTest -->
