<?xml version="1.0" encoding="UTF-8"?>
<!-- Generated by org.testng.reporters.JUnitReportReporter -->
<testsuite hostname="CTAADPG02X3FK" failures="0" tests="1" name="Apps.MyWebAppTest" time="51.513" errors="0" timestamp="2023-06-26T18:12:29 IST" skipped="0">
  <testcase classname="Apps.MyWebAppTest" name="verifyTitle" time="51.513"/>
  <system-out/>
</testsuite> <!-- Apps.MyWebAppTest -->
