<?xml version="1.0" encoding="UTF-8"?>
<!-- Generated by org.testng.reporters.JUnitReportReporter -->
<testsuite hostname="CTAADPG02X3FK" failures="0" tests="1" name="Apps.MyWebAppTest" time="8.964" errors="0" timestamp="27 Jun 2023 12:04:52 GMT" skipped="0">
  <testcase classname="Apps.MyWebAppTest" name="verifyTitle" time="8.964"/>
</testsuite> <!-- Apps.MyWebAppTest -->
