<?xml version="1.0" encoding="UTF-8"?>
<!-- Generated by org.testng.reporters.JUnitReportReporter -->
<testsuite hostname="CTAADPG02X3FK" failures="0" tests="1" name="Apps.MyWebApp" time="7.137" errors="0" timestamp="2023-06-26T14:53:18 IST" skipped="0">
  <testcase classname="Apps.MyWebApp" name="verifyTitle" time="7.137"/>
  <system-out/>
</testsuite> <!-- Apps.MyWebApp -->
