<?xml version="1.0" encoding="UTF-8"?>
<!-- Generated by org.testng.reporters.JUnitReportReporter -->
<testsuite hostname="CTAADPG02X3FK" failures="0" tests="1" name="Apps.MyWebApp" time="8.609" errors="0" timestamp="2023-06-26T15:46:01 IST" skipped="0">
  <testcase classname="Apps.MyWebApp" name="verifyTitle" time="8.609"/>
  <system-out/>
</testsuite> <!-- Apps.MyWebApp -->
