<?xml version="1.0" encoding="UTF-8"?>
<!-- Generated by org.testng.reporters.JUnitReportReporter -->
<testsuite hostname="CTAADPG02X3FK" failures="0" tests="1" name="Apps.MyWebAppTest" time="5.946" errors="0" timestamp="26 Jun 2023 12:43:47 GMT" skipped="0">
  <testcase classname="Apps.MyWebAppTest" name="verifyTitle" time="5.946"/>
</testsuite> <!-- Apps.MyWebAppTest -->
