<?xml version="1.0" encoding="UTF-8"?>
<!-- Generated by org.testng.reporters.JUnitReportReporter -->
<testsuite skipped="0" hostname="CTAADPG02X3FK" name="Apps.MyWebAppTest" tests="1" failures="0" timestamp="27 Jun 2023 12:05:29 GMT" time="7.008" errors="0">
  <testcase name="verifyTitle" time="7.008" classname="Apps.MyWebAppTest"/>
</testsuite> <!-- Apps.MyWebAppTest -->
